0 info it worked if it ends with ok
1 verbose cli [ '/usr/bin/node', '/usr/bin/npm', 'start' ]
2 info using npm@3.10.10
3 info using node@v6.13.0
4 verbose run-script [ 'prestart', 'start', 'poststart' ]
5 info lifecycle preprocessor-stub@0.0.1~prestart: preprocessor-stub@0.0.1
6 silly lifecycle preprocessor-stub@0.0.1~prestart: no script for prestart, continuing
7 info lifecycle preprocessor-stub@0.0.1~start: preprocessor-stub@0.0.1
8 verbose lifecycle preprocessor-stub@0.0.1~start: unsafe-perm in lifecycle true
9 verbose lifecycle preprocessor-stub@0.0.1~start: PATH: /usr/lib/node_modules/npm/bin/node-gyp-bin:/home/alexandr/IdeaProjects/frontback/node_modules/.bin:/home/alexandr/jdk/jdk1.8.0_131/bin:/home/alexandr/.cargo/bin:/home/alexandr/.sdkman/candidates/gradle/current/bin:/home/alexandr/jdk/jdk1.8.0_131/bin:/usr/local/bin:/usr/bin:/bin:/usr/local/games:/usr/games
10 verbose lifecycle preprocessor-stub@0.0.1~start: CWD: /home/alexandr/IdeaProjects/frontback
11 silly lifecycle preprocessor-stub@0.0.1~start: Args: [ '-c', 'gulp' ]
12 info lifecycle preprocessor-stub@0.0.1~start: Failed to exec start script
13 verbose stack Error: preprocessor-stub@0.0.1 start: `gulp`
13 verbose stack spawn ENOENT
13 verbose stack     at ChildProcess.<anonymous> (/usr/lib/node_modules/npm/lib/utils/spawn.js:33:16)
13 verbose stack     at emitTwo (events.js:106:13)
13 verbose stack     at ChildProcess.emit (events.js:191:7)
13 verbose stack     at maybeClose (internal/child_process.js:920:16)
13 verbose stack     at Process.ChildProcess._handle.onexit (internal/child_process.js:230:5)
14 verbose pkgid preprocessor-stub@0.0.1
15 verbose cwd /home/alexandr/IdeaProjects/frontback
16 error Linux 4.9.0-3-amd64
17 error argv "/usr/bin/node" "/usr/bin/npm" "start"
18 error node v6.13.0
19 error npm  v3.10.10
20 error file sh
21 error code ELIFECYCLE
22 error errno ENOENT
23 error syscall spawn
24 error preprocessor-stub@0.0.1 start: `gulp`
24 error spawn ENOENT
25 error Failed at the preprocessor-stub@0.0.1 start script 'gulp'.
25 error Make sure you have the latest version of node.js and npm installed.
25 error If you do, this is most likely a problem with the preprocessor-stub package,
25 error not with npm itself.
25 error Tell the author that this fails on your system:
25 error     gulp
25 error You can get information on how to open an issue for this project with:
25 error     npm bugs preprocessor-stub
25 error Or if that isn't available, you can get their info via:
25 error     npm owner ls preprocessor-stub
25 error There is likely additional logging output above.
26 verbose exit [ 1, true ]
